The system is: CYGWIN - 3.1.2(0.340/5/3) - x86_64
Compiling the C compiler identification source file "CMakeCCompilerId.c" succeeded.
Compiler: /usr/bin/cc 
Build flags: 
Id flags:  

The output was:
0


Compilation of the C compiler identification source "CMakeCCompilerId.c" produced "a.exe"

The C compiler identification is GNU, found in "/cygdrive/c/myfiles/MyClionProjects/OstovGraf/cmake-build-debug/CMakeFiles/3.15.3/CompilerIdC/a.exe"

Compiling the CXX compiler identification source file "CMakeCXXCompilerId.cpp" succeeded.
Compiler: /usr/bin/c++.exe 
Build flags: 
Id flags:  

The output was:
0


Compilation of the CXX compiler identification source "CMakeCXXCompilerId.cpp" produced "a.exe"

The CXX compiler identification is GNU, found in "/cygdrive/c/myfiles/MyClionProjects/OstovGraf/cmake-build-debug/CMakeFiles/3.15.3/CompilerIdCXX/a.exe"

Determining if the C compiler works passed with the following output:
Change Dir: /cygdrive/c/myfiles/MyClionProjects/OstovGraf/cmake-build-debug/CMakeFiles/CMakeTmp

Run Build Command(s):/cygdrive/c/Strawberry/c/bin/gmake.exe cmTC_df95a/fast && C:/Strawberry/c/bin/gmake -f CMakeFiles/cmTC_df95a.dir/build.make CMakeFiles/cmTC_df95a.dir/build
gmake[1]: Entering directory 'C:/myfiles/MyClionProjects/OstovGraf/cmake-build-debug/CMakeFiles/CMakeTmp'
Building C object CMakeFiles/cmTC_df95a.dir/testCCompiler.c.o
/usr/bin/cc    -o CMakeFiles/cmTC_df95a.dir/testCCompiler.c.o   -c /cygdrive/c/myfiles/MyClionProjects/OstovGraf/cmake-build-debug/CMakeFiles/CMakeTmp/testCCompiler.c
Linking C executable cmTC_df95a.exe
/cygdrive/c/Users/User/.CLion2019.3/system/cygwin_cmake/bin/cmake.exe -E cmake_link_script CMakeFiles/cmTC_df95a.dir/link.txt --verbose=1
/usr/bin/cc    -Wl,--enable-auto-import  CMakeFiles/cmTC_df95a.dir/testCCompiler.c.o  -o cmTC_df95a.exe -Wl,--out-implib,libcmTC_df95a.dll.a -Wl,--major-image-version,0,--minor-image-version,0 
gmake[1]: Leaving directory 'C:/myfiles/MyClionProjects/OstovGraf/cmake-build-debug/CMakeFiles/CMakeTmp'



Determining if the CXX compiler works passed with the following output:
Change Dir: /cygdrive/c/myfiles/MyClionProjects/OstovGraf/cmake-build-debug/CMakeFiles/CMakeTmp

Run Build Command(s):/cygdrive/c/Strawberry/c/bin/gmake.exe cmTC_a1f8e/fast && C:/Strawberry/c/bin/gmake -f CMakeFiles/cmTC_a1f8e.dir/build.make CMakeFiles/cmTC_a1f8e.dir/build
gmake[1]: Entering directory 'C:/myfiles/MyClionProjects/OstovGraf/cmake-build-debug/CMakeFiles/CMakeTmp'
Building CXX object CMakeFiles/cmTC_a1f8e.dir/testCXXCompiler.cxx.o
/usr/bin/c++.exe     -o CMakeFiles/cmTC_a1f8e.dir/testCXXCompiler.cxx.o -c /cygdrive/c/myfiles/MyClionProjects/OstovGraf/cmake-build-debug/CMakeFiles/CMakeTmp/testCXXCompiler.cxx
Linking CXX executable cmTC_a1f8e.exe
/cygdrive/c/Users/User/.CLion2019.3/system/cygwin_cmake/bin/cmake.exe -E cmake_link_script CMakeFiles/cmTC_a1f8e.dir/link.txt --verbose=1
/usr/bin/c++.exe    -Wl,--enable-auto-import  CMakeFiles/cmTC_a1f8e.dir/testCXXCompiler.cxx.o  -o cmTC_a1f8e.exe -Wl,--out-implib,libcmTC_a1f8e.dll.a -Wl,--major-image-version,0,--minor-image-version,0 
gmake[1]: Leaving directory 'C:/myfiles/MyClionProjects/OstovGraf/cmake-build-debug/CMakeFiles/CMakeTmp'



